c:\users\hirazant\documents\store\store\store\debug\vc142.pdb
c:\users\hirazant\documents\store\store\store\debug\vc142.idb
c:\users\hirazant\documents\store\store\store\debug\storedlg.obj
c:\users\hirazant\documents\store\store\store\debug\store.obj
c:\users\hirazant\documents\store\store\store\debug\ceditdlg.obj
c:\users\hirazant\documents\store\store\store\debug\store.pch
c:\users\hirazant\documents\store\store\store\debug\pch.obj
c:\users\hirazant\documents\store\store\store\debug\cdlgedit.obj
c:\users\hirazant\documents\store\store\debug\store.exe
c:\users\hirazant\documents\store\store\debug\store.ilk
c:\users\hirazant\documents\store\store\debug\store.pdb
c:\users\hirazant\documents\store\store\store\debug\store.res
c:\users\hirazant\documents\store\store\store\debug\listprice.obj
c:\users\hirazant\documents\store\store\store\debug\storedlg.obj.enc
c:\users\hirazant\documents\store\store\store\debug\store.tlog\cl.command.1.tlog
c:\users\hirazant\documents\store\store\store\debug\store.tlog\cl.read.1.tlog
c:\users\hirazant\documents\store\store\store\debug\store.tlog\cl.write.1.tlog
c:\users\hirazant\documents\store\store\store\debug\store.tlog\link.command.1.tlog
c:\users\hirazant\documents\store\store\store\debug\store.tlog\link.read.1.tlog
c:\users\hirazant\documents\store\store\store\debug\store.tlog\link.write.1.tlog
c:\users\hirazant\documents\store\store\store\debug\store.tlog\rc.command.1.tlog
c:\users\hirazant\documents\store\store\store\debug\store.tlog\rc.read.1.tlog
c:\users\hirazant\documents\store\store\store\debug\store.tlog\rc.write.1.tlog
